<?xml version="1.0" encoding="UTF-8"?>
<!-- Generated by org.testng.reporters.JUnitReportReporter -->
<testsuite skipped="0" hostname="hp" name="Module5_Profile_Test.VerifyProfileName" tests="1" failures="0" timestamp="03 May 2022 11:59:14 GMT" time="25.355" errors="0">
  <testcase name="verifyPN" time="25.355" classname="Module5_Profile_Test.VerifyProfileName"/>
</testsuite> <!-- Module5_Profile_Test.VerifyProfileName -->
