<?xml version="1.0" encoding="UTF-8"?>
<!-- Generated by org.testng.reporters.JUnitReportReporter -->
<testsuite skipped="0" hostname="hp" name="Module1_Login.TC_Login" tests="1" failures="0" timestamp="03 May 2022 11:59:15 GMT" time="24.364" errors="0">
  <testcase name="login" time="24.364" classname="Module1_Login.TC_Login"/>
</testsuite> <!-- Module1_Login.TC_Login -->
